<?xml version="1.0" encoding="UTF-8"?>
<testng-results ignored="0" total="1" passed="1" failed="0" skipped="0">
  <reporter-output>
  </reporter-output>
  <suite started-at="2025-08-08T18:33:19 IST" name="Default suite" finished-at="2025-08-08T18:33:38 IST" duration-ms="19237">
    <groups>
      <group name="cucumber">
        <method signature="AbstractTestNGCucumberTests.runScenario(io.cucumber.testng.PickleWrapper,io.cucumber.testng.FeatureWrapper)[pri:0, instance:runner.runner@682b2fa]" name="runScenario" class="io.cucumber.testng.AbstractTestNGCucumberTests"/>
      </group> <!-- cucumber -->
    </groups>
    <test started-at="2025-08-08T18:33:19 IST" name="Default test" finished-at="2025-08-08T18:33:38 IST" duration-ms="19237">
      <class name="runner.runner">
        <test-method is-config="true" signature="setUpClass(org.testng.ITestContext)[pri:0, instance:runner.runner@682b2fa]" started-at="2025-08-08T18:33:19 IST" name="setUpClass" finished-at="2025-08-08T18:33:20 IST" duration-ms="565" status="PASS">
          <params>
            <param index="0">
              <value>
                <![CDATA[org.testng.TestRunner@4745e9c]]>
              </value>
            </param>
          </params>
          <reporter-output>
          </reporter-output>
        </test-method> <!-- setUpClass -->
        <test-method signature="runScenario(io.cucumber.testng.PickleWrapper,io.cucumber.testng.FeatureWrapper)[pri:0, instance:runner.runner@682b2fa]" started-at="2025-08-08T18:33:20 IST" name="runScenario" description="Runs Cucumber Scenarios" data-provider="scenarios" finished-at="2025-08-08T18:33:35 IST" duration-ms="15213" status="PASS">
          <params>
            <param index="0">
              <value>
                <![CDATA["CreateLead with multiple data"]]>
              </value>
            </param>
            <param index="1">
              <value>
                <![CDATA["CreateLead functionality of Leaftaps application"]]>
              </value>
            </param>
          </params>
          <reporter-output>
          </reporter-output>
        </test-method> <!-- runScenario -->
        <test-method is-config="true" signature="tearDownClass()[pri:0, instance:runner.runner@682b2fa]" started-at="2025-08-08T18:33:35 IST" name="tearDownClass" finished-at="2025-08-08T18:33:38 IST" duration-ms="3406" status="PASS">
          <reporter-output>
          </reporter-output>
        </test-method> <!-- tearDownClass -->
      </class> <!-- runner.runner -->
    </test> <!-- Default test -->
  </suite> <!-- Default suite -->
</testng-results>
